
> fleet-management@0.1.0 dev
> next dev

▲ Next.js 16.1.4 (Turbopack)
- Local:         http://localhost:3000
- Network:       http://192.168.1.7:3000

✓ Starting...
⚠ The "middleware" file convention is deprecated. Please use "proxy" instead. Learn more: https://nextjs.org/docs/messages/middleware-to-proxy
✓ Ready in 554ms
 GET /login 200 in 426ms (compile: 221ms, proxy.ts: 57ms, render: 147ms)
 GET /api/auth/session 200 in 15.7s (compile: 15.7s, render: 25ms)
 GET /api/auth/session 200 in 29ms (compile: 25ms, render: 4ms)
 GET /login?ide_webview_request_time=1768884104450 200 in 60ms (compile: 5ms, proxy.ts: 5ms, render: 50ms)
 GET /api/auth/session 200 in 5ms (compile: 1850µs, render: 3ms)
 GET /api/auth/session 200 in 3ms (compile: 997µs, render: 2ms)
 GET /login?callbackUrl=http%3A%2F%2Flocalhost%3A3000%2F%40vite%2Fclient 200 in 31ms (compile: 2ms, proxy.ts: 3ms, render: 26ms)
✓ Compiled in 516ms
 GET /login?ide_webview_request_time=1768884135060 200 in 152ms (compile: 75ms, proxy.ts: 15ms, render: 62ms)
 GET /api/auth/session 200 in 12ms (compile: 6ms, render: 6ms)
 GET /api/auth/session 200 in 5ms (compile: 1984µs, render: 3ms)
 GET /login?callbackUrl=http%3A%2F%2Flocalhost%3A3000%2F%40vite%2Fclient 200 in 33ms (compile: 3ms, proxy.ts: 2ms, render: 28ms)
 GET / 200 in 84ms (compile: 62ms, proxy.ts: 4ms, render: 18ms)
 POST /login?ide_webview_request_time=1768884135060 303 in 249ms (compile: 35ms, proxy.ts: 41ms, render: 173ms)
 GET /settings 200 in 70ms (compile: 54ms, proxy.ts: 6ms, render: 9ms)
 GET /settings 200 in 27ms (compile: 3ms, proxy.ts: 11ms, render: 13ms)
 GET / 200 in 21ms (compile: 5ms, proxy.ts: 7ms, render: 10ms)
✓ Compiled in 164ms
✓ Compiled in 57ms
 GET / 200 in 135ms (compile: 81ms, proxy.ts: 24ms, render: 30ms)
 GET / 200 in 38ms (compile: 1991µs, proxy.ts: 9ms, render: 27ms)
 GET / 200 in 15ms (compile: 1744µs, proxy.ts: 6ms, render: 7ms)
 GET / 200 in 146ms (compile: 82ms, proxy.ts: 11ms, render: 53ms)
 GET / 200 in 56ms (compile: 8ms, proxy.ts: 21ms, render: 28ms)
 GET / 200 in 30ms (compile: 3ms, proxy.ts: 10ms, render: 17ms)
 GET / 200 in 192ms (compile: 7ms, proxy.ts: 31ms, render: 154ms)
 GET /@vite/client 404 in 231ms (compile: 175ms, proxy.ts: 11ms, render: 45ms)
✓ Compiled in 152ms
✓ Compiled in 150ms
 GET / 200 in 298ms (compile: 118ms, proxy.ts: 66ms, render: 114ms)
 GET /@vite/client 404 in 69ms (compile: 33ms, proxy.ts: 5ms, render: 31ms)
 GET / 200 in 397ms (compile: 115ms, proxy.ts: 39ms, render: 242ms)
 GET / 200 in 231ms (compile: 77ms, proxy.ts: 62ms, render: 92ms)
 GET / 200 in 243ms (compile: 8ms, proxy.ts: 63ms, render: 171ms)
 GET /@vite/client 404 in 50ms (compile: 4ms, proxy.ts: 18ms, render: 29ms)
✓ Compiled in 144ms
✓ Compiled in 163ms
✓ Compiled in 248ms
 GET / 200 in 248ms (compile: 77ms, proxy.ts: 59ms, render: 112ms)
 GET /@vite/client 404 in 61ms (compile: 24ms, proxy.ts: 11ms, render: 27ms)
 GET / 200 in 57ms (compile: 5ms, proxy.ts: 9ms, render: 43ms)
 GET /@vite/client 404 in 33ms (compile: 3ms, proxy.ts: 10ms, render: 20ms)
 GET / 200 in 67ms (compile: 4ms, proxy.ts: 8ms, render: 54ms)
 GET /@vite/client 404 in 49ms (compile: 6ms, proxy.ts: 23ms, render: 20ms)
 GET / 200 in 40ms (compile: 3ms, proxy.ts: 4ms, render: 34ms)
 GET /@vite/client 404 in 31ms (compile: 3ms, proxy.ts: 9ms, render: 19ms)
✓ Compiled in 143ms
✓ Compiled in 34ms
✓ Compiled in 175ms
✓ Compiled in 5.1s
 GET / 200 in 169ms (compile: 76ms, proxy.ts: 37ms, render: 56ms)
✓ Compiled in 91ms
 GET /login 200 in 130ms (compile: 81ms, proxy.ts: 2ms, render: 46ms)
 POST / 303 in 231ms (compile: 13ms, proxy.ts: 34ms, render: 184ms)
 GET /login 200 in 49ms (compile: 12ms, proxy.ts: 9ms, render: 28ms)
✓ Compiled in 120ms
 GET /login?callbackUrl=http%3A%2F%2Flocalhost%3A3000%2Fimages%2Flogin-bg.png 200 in 197ms (compile: 95ms, proxy.ts: 1582µs, render: 100ms)
 GET /login 200 in 196ms (compile: 61ms, proxy.ts: 64ms, render: 71ms)
 GET /login?callbackUrl=http%3A%2F%2Flocalhost%3A3000%2Fimages%2Flogin-bg.png 200 in 52ms (compile: 9ms, proxy.ts: 4ms, render: 39ms)
 GET /login?callbackUrl=http%3A%2F%2Flocalhost%3A3000%2F%40vite%2Fclient 200 in 52ms (compile: 3ms, proxy.ts: 5ms, render: 45ms)
✓ Compiled in 218ms
✓ Finished writing to filesystem cache in 101s
⨯ Error: aborted
    at ignore-listed frames {
  code: 'ECONNRESET',
  digest: '1728637738'
}
 GET /login?ide_webview_request_time=1768886952450 200 in 32.9s (compile: 2.6s, proxy.ts: 4ms, render: 30.3s)
 GET /login?callbackUrl=http%3A%2F%2Flocalhost%3A3000%2Fimages%2Flogin-bg.png 200 in 3.6s (compile: 36ms, proxy.ts: 3ms, render: 3.6s)
 GET /login?ide_webview_request_time=1768886952450 200 in 201ms (compile: 55ms, proxy.ts: 2ms, render: 144ms)
 GET /login?callbackUrl=http%3A%2F%2Flocalhost%3A3000%2Fimages%2Flogin-bg.png 200 in 44ms (compile: 4ms, proxy.ts: 4ms, render: 36ms)
 GET /login?callbackUrl=http%3A%2F%2Flocalhost%3A3000%2F%40vite%2Fclient 200 in 31ms (compile: 5ms, proxy.ts: 2ms, render: 24ms)
✓ Compiled in 103ms
 GET /login?callbackUrl=http%3A%2F%2Flocalhost%3A3000%2Fimages%2Flogin-bg.jpg 200 in 179ms (compile: 88ms, proxy.ts: 1597µs, render: 90ms)
 GET /login?ide_webview_request_time=1768886952450 200 in 102ms (compile: 10ms, proxy.ts: 40ms, render: 52ms)
 GET /login?callbackUrl=http%3A%2F%2Flocalhost%3A3000%2Fimages%2Flogin-bg.jpg 200 in 37ms (compile: 5ms, proxy.ts: 3ms, render: 29ms)
 GET /login?callbackUrl=http%3A%2F%2Flocalhost%3A3000%2F%40vite%2Fclient 200 in 32ms (compile: 2ms, proxy.ts: 3ms, render: 27ms)
 GET /login?ide_webview_request_time=1768886952450 200 in 36ms (compile: 1657µs, proxy.ts: 3ms, render: 32ms)
 GET /login?callbackUrl=http%3A%2F%2Flocalhost%3A3000%2Fimages%2Flogin-bg.jpg 200 in 38ms (compile: 4ms, proxy.ts: 5ms, render: 29ms)
 GET /login?callbackUrl=http%3A%2F%2Flocalhost%3A3000%2F%40vite%2Fclient 200 in 29ms (compile: 1917µs, proxy.ts: 3ms, render: 24ms)
 GET /login?ide_webview_request_time=1768886952450 200 in 67ms (compile: 5ms, proxy.ts: 24ms, render: 38ms)
 GET /login?callbackUrl=http%3A%2F%2Flocalhost%3A3000%2Fimages%2Flogin-bg.jpg 200 in 58ms (compile: 6ms, proxy.ts: 4ms, render: 48ms)
 GET /login?callbackUrl=http%3A%2F%2Flocalhost%3A3000%2F%40vite%2Fclient 200 in 40ms (compile: 6ms, proxy.ts: 6ms, render: 28ms)
[?25h
